This is pdfTeX, Version 3.141592653-2.6-1.40.22 (TeX Live 2021) (preloaded format=pdflatex 2021.6.29)  5 JAN 2024 15:27
entering extended mode
 restricted \write18 enabled.
 file:line:error style messages enabled.
 %&-line parsing enabled.
**manual_6.0.tex
(./manual_6.0.tex
LaTeX2e <2020-10-01> patch level 4
L3 programming layer <2021-02-18>
(/usr/local/texlive/2021/texmf-dist/tex/latex/base/article.cls
Document Class: article 2020/04/10 v1.4m Standard LaTeX document class
(/usr/local/texlive/2021/texmf-dist/tex/latex/base/size12.clo
File: size12.clo 2020/04/10 v1.4m Standard LaTeX file (size option)
)
\c@part=\count179
\c@section=\count180
\c@subsection=\count181
\c@subsubsection=\count182
\c@paragraph=\count183
\c@subparagraph=\count184
\c@figure=\count185
\c@table=\count186
\abovecaptionskip=\skip47
\belowcaptionskip=\skip48
\bibindent=\dimen138
)
(/usr/local/texlive/2021/texmf-dist/tex/latex/cite/cite.sty
LaTeX Info: Redefining \cite on input line 302.
LaTeX Info: Redefining \nocite on input line 332.
Package: cite 2015/02/27  v 5.5
)
(/usr/local/texlive/2021/texmf-dist/tex/latex/graphics/color.sty
Package: color 2020/02/24 v1.2b Standard LaTeX Color (DPC)

(/usr/local/texlive/2021/texmf-dist/tex/latex/graphics-cfg/color.cfg
File: color.cfg 2016/01/02 v1.6 sample color configuration
)
Package color Info: Driver file: pdftex.def on input line 147.

(/usr/local/texlive/2021/texmf-dist/tex/latex/graphics-def/pdftex.def
File: pdftex.def 2020/10/05 v1.2a Graphics/color driver for pdftex
))
(/usr/local/texlive/2021/texmf-dist/tex/latex/graphics/graphics.sty
Package: graphics 2020/08/30 v1.4c Standard LaTeX Graphics (DPC,SPQR)

(/usr/local/texlive/2021/texmf-dist/tex/latex/graphics/trig.sty
Package: trig 2016/01/03 v1.10 sin cos tan (DPC)
)
(/usr/local/texlive/2021/texmf-dist/tex/latex/graphics-cfg/graphics.cfg
File: graphics.cfg 2016/06/04 v1.11 sample graphics configuration
)
Package graphics Info: Driver file: pdftex.def on input line 105.
)
(/usr/local/texlive/2021/texmf-dist/tex/latex/amsmath/amsmath.sty
Package: amsmath 2020/09/23 v2.17i AMS math features
\@mathmargin=\skip49

For additional information on amsmath, use the `?' option.
(/usr/local/texlive/2021/texmf-dist/tex/latex/amsmath/amstext.sty
Package: amstext 2000/06/29 v2.01 AMS text

(/usr/local/texlive/2021/texmf-dist/tex/latex/amsmath/amsgen.sty
File: amsgen.sty 1999/11/30 v2.0 generic functions
\@emptytoks=\toks15
\ex@=\dimen139
))
(/usr/local/texlive/2021/texmf-dist/tex/latex/amsmath/amsbsy.sty
Package: amsbsy 1999/11/29 v1.2d Bold Symbols
\pmbraise@=\dimen140
)
(/usr/local/texlive/2021/texmf-dist/tex/latex/amsmath/amsopn.sty
Package: amsopn 2016/03/08 v2.02 operator names
)
\inf@bad=\count187
LaTeX Info: Redefining \frac on input line 234.
\uproot@=\count188
\leftroot@=\count189
LaTeX Info: Redefining \overline on input line 399.
\classnum@=\count190
\DOTSCASE@=\count191
LaTeX Info: Redefining \ldots on input line 496.
LaTeX Info: Redefining \dots on input line 499.
LaTeX Info: Redefining \cdots on input line 620.
\Mathstrutbox@=\box47
\strutbox@=\box48
\big@size=\dimen141
LaTeX Font Info:    Redeclaring font encoding OML on input line 743.
LaTeX Font Info:    Redeclaring font encoding OMS on input line 744.
\macc@depth=\count192
\c@MaxMatrixCols=\count193
\dotsspace@=\muskip16
\c@parentequation=\count194
\dspbrk@lvl=\count195
\tag@help=\toks16
\row@=\count196
\column@=\count197
\maxfields@=\count198
\andhelp@=\toks17
\eqnshift@=\dimen142
\alignsep@=\dimen143
\tagshift@=\dimen144
\tagwidth@=\dimen145
\totwidth@=\dimen146
\lineht@=\dimen147
\@envbody=\toks18
\multlinegap=\skip50
\multlinetaggap=\skip51
\mathdisplay@stack=\toks19
LaTeX Info: Redefining \[ on input line 2923.
LaTeX Info: Redefining \] on input line 2924.
)
(/usr/local/texlive/2021/texmf-dist/tex/latex/graphics/rotating.sty
Package: rotating 2016/08/11 v2.16d rotated objects in LaTeX

(/usr/local/texlive/2021/texmf-dist/tex/latex/graphics/graphicx.sty
Package: graphicx 2020/09/09 v1.2b Enhanced LaTeX Graphics (DPC,SPQR)

(/usr/local/texlive/2021/texmf-dist/tex/latex/graphics/keyval.sty
Package: keyval 2014/10/28 v1.15 key=value parser (DPC)
\KV@toks@=\toks20
)
\Gin@req@height=\dimen148
\Gin@req@width=\dimen149
)
(/usr/local/texlive/2021/texmf-dist/tex/latex/base/ifthen.sty
Package: ifthen 2014/09/29 v1.1c Standard LaTeX ifthen package (DPC)
)
\c@r@tfl@t=\count199
\rotFPtop=\skip52
\rotFPbot=\skip53
\rot@float@box=\box49
\rot@mess@toks=\toks21
)
(/usr/local/texlive/2021/texmf-dist/tex/latex/jknapltx/mathrsfs.sty
Package: mathrsfs 1996/01/01 Math RSFS package v1.0 (jk)
\symrsfs=\mathgroup4
)
(/usr/local/texlive/2021/texmf-dist/tex/latex/subfig/subfig.sty
Package: subfig 2005/06/28 ver: 1.3 subfig package

(/usr/local/texlive/2021/texmf-dist/tex/latex/caption/caption.sty
Package: caption 2020/10/26 v3.5g Customizing captions (AR)

(/usr/local/texlive/2021/texmf-dist/tex/latex/caption/caption3.sty
Package: caption3 2020/10/21 v2.2e caption3 kernel (AR)
\captionmargin=\dimen150
\captionmargin@=\dimen151
\captionwidth=\dimen152
\caption@tempdima=\dimen153
\caption@indent=\dimen154
\caption@parindent=\dimen155
\caption@hangindent=\dimen156
Package caption Info: Standard document class detected.
)
\c@caption@flags=\count266
\c@continuedfloat=\count267
Package caption Info: rotating package is loaded.
)
\c@KVtest=\count268
\sf@farskip=\skip54
\sf@captopadj=\dimen157
\sf@capskip=\skip55
\sf@nearskip=\skip56
\c@subfigure=\count269
\c@subfigure@save=\count270
\c@lofdepth=\count271
\c@subtable=\count272
\c@subtable@save=\count273
\c@lotdepth=\count274
\sf@top=\skip57
\sf@bottom=\skip58
)
(/usr/local/texlive/2021/texmf-dist/tex/latex/psfrag/psfrag.sty
Package: psfrag 1998/04/11 v3.04 PSfrag (MCG)
\pfg@pcount=\count275
\pfg@scount=\count276
\pfg@temp=\write3
)
(/usr/local/texlive/2021/texmf-dist/tex/latex/url/url.sty
\Urlmuskip=\muskip17
Package: url 2013/09/16  ver 3.4  Verb mode for urls, etc.
)
(/usr/local/texlive/2021/texmf-dist/tex/latex/amsfonts/amssymb.sty
Package: amssymb 2013/01/14 v3.01 AMS font symbols

(/usr/local/texlive/2021/texmf-dist/tex/latex/amsfonts/amsfonts.sty
Package: amsfonts 2013/01/14 v3.01 Basic AMSFonts support
\symAMSa=\mathgroup5
\symAMSb=\mathgroup6
LaTeX Font Info:    Redeclaring math symbol \hbar on input line 98.
LaTeX Font Info:    Overwriting math alphabet `\mathfrak' in version `bold'
(Font)                  U/euf/m/n --> U/euf/b/n on input line 106.
))
(./appendix.sty
Package: appendix 2002/08/06 v1.2 extra appendix facilities
\c@@pps=\count277
\c@@ppsavesec=\count278
\c@@ppsaveapp=\count279
)
(/usr/local/texlive/2021/texmf-dist/tex/latex/hyperref/hyperref.sty
Package: hyperref 2021-02-27 v7.00k Hypertext links for LaTeX

(/usr/local/texlive/2021/texmf-dist/tex/generic/ltxcmds/ltxcmds.sty
Package: ltxcmds 2020-05-10 v1.25 LaTeX kernel commands for general use (HO)
)
(/usr/local/texlive/2021/texmf-dist/tex/generic/iftex/iftex.sty
Package: iftex 2020/03/06 v1.0d TeX engine tests
)
(/usr/local/texlive/2021/texmf-dist/tex/generic/pdftexcmds/pdftexcmds.sty
Package: pdftexcmds 2020-06-27 v0.33 Utility functions of pdfTeX for LuaTeX (HO
)

(/usr/local/texlive/2021/texmf-dist/tex/generic/infwarerr/infwarerr.sty
Package: infwarerr 2019/12/03 v1.5 Providing info/warning/error messages (HO)
)
Package pdftexcmds Info: \pdf@primitive is available.
Package pdftexcmds Info: \pdf@ifprimitive is available.
Package pdftexcmds Info: \pdfdraftmode found.
)
(/usr/local/texlive/2021/texmf-dist/tex/generic/kvsetkeys/kvsetkeys.sty
Package: kvsetkeys 2019/12/15 v1.18 Key value parser (HO)
)
(/usr/local/texlive/2021/texmf-dist/tex/generic/kvdefinekeys/kvdefinekeys.sty
Package: kvdefinekeys 2019-12-19 v1.6 Define keys (HO)
)
(/usr/local/texlive/2021/texmf-dist/tex/generic/pdfescape/pdfescape.sty
Package: pdfescape 2019/12/09 v1.15 Implements pdfTeX's escape features (HO)
)
(/usr/local/texlive/2021/texmf-dist/tex/latex/hycolor/hycolor.sty
Package: hycolor 2020-01-27 v1.10 Color options for hyperref/bookmark (HO)
)
(/usr/local/texlive/2021/texmf-dist/tex/latex/letltxmacro/letltxmacro.sty
Package: letltxmacro 2019/12/03 v1.6 Let assignment for LaTeX macros (HO)
)
(/usr/local/texlive/2021/texmf-dist/tex/latex/auxhook/auxhook.sty
Package: auxhook 2019-12-17 v1.6 Hooks for auxiliary files (HO)
)
(/usr/local/texlive/2021/texmf-dist/tex/latex/kvoptions/kvoptions.sty
Package: kvoptions 2020-10-07 v3.14 Key value format for package options (HO)
)
\@linkdim=\dimen158
\Hy@linkcounter=\count280
\Hy@pagecounter=\count281

(/usr/local/texlive/2021/texmf-dist/tex/latex/hyperref/pd1enc.def
File: pd1enc.def 2021-02-27 v7.00k Hyperref: PDFDocEncoding definition (HO)
Now handling font encoding PD1 ...
... no UTF-8 mapping file for font encoding PD1
)
(/usr/local/texlive/2021/texmf-dist/tex/latex/hyperref/hyperref-langpatches.def
File: hyperref-langpatches.def 2021-02-27 v7.00k Hyperref: patches for babel la
nguages
) (/usr/local/texlive/2021/texmf-dist/tex/generic/intcalc/intcalc.sty
Package: intcalc 2019/12/15 v1.3 Expandable calculations with integers (HO)
)
(/usr/local/texlive/2021/texmf-dist/tex/generic/etexcmds/etexcmds.sty
Package: etexcmds 2019/12/15 v1.7 Avoid name clashes with e-TeX commands (HO)
)
\Hy@SavedSpaceFactor=\count282

(/usr/local/texlive/2021/texmf-dist/tex/latex/hyperref/puenc.def
File: puenc.def 2021-02-27 v7.00k Hyperref: PDF Unicode definition (HO)
Now handling font encoding PU ...
... no UTF-8 mapping file for font encoding PU
)
Package hyperref Info: Hyper figures OFF on input line 4192.
Package hyperref Info: Link nesting OFF on input line 4197.
Package hyperref Info: Hyper index ON on input line 4200.
Package hyperref Info: Plain pages OFF on input line 4207.
Package hyperref Info: Backreferencing OFF on input line 4212.
Package hyperref Info: Implicit mode ON; LaTeX internals redefined.
Package hyperref Info: Bookmarks ON on input line 4445.
\c@Hy@tempcnt=\count283
LaTeX Info: Redefining \url on input line 4804.
\XeTeXLinkMargin=\dimen159

(/usr/local/texlive/2021/texmf-dist/tex/generic/bitset/bitset.sty
Package: bitset 2019/12/09 v1.3 Handle bit-vector datatype (HO)

(/usr/local/texlive/2021/texmf-dist/tex/generic/bigintcalc/bigintcalc.sty
Package: bigintcalc 2019/12/15 v1.5 Expandable calculations on big integers (HO
)
))
\Fld@menulength=\count284
\Field@Width=\dimen160
\Fld@charsize=\dimen161
Package hyperref Info: Hyper figures OFF on input line 6075.
Package hyperref Info: Link nesting OFF on input line 6080.
Package hyperref Info: Hyper index ON on input line 6083.
Package hyperref Info: backreferencing OFF on input line 6090.
Package hyperref Info: Link coloring OFF on input line 6095.
Package hyperref Info: Link coloring with OCG OFF on input line 6100.
Package hyperref Info: PDF/A mode OFF on input line 6105.
LaTeX Info: Redefining \ref on input line 6145.
LaTeX Info: Redefining \pageref on input line 6149.

(/usr/local/texlive/2021/texmf-dist/tex/latex/base/atbegshi-ltx.sty
Package: atbegshi-ltx 2020/08/17 v1.0a Emulation of the original atbegshi packa
ge
with kernel methods
)
\Hy@abspage=\count285
\c@Item=\count286
\c@Hfootnote=\count287
)
Package hyperref Info: Driver (autodetected): hpdftex.

(/usr/local/texlive/2021/texmf-dist/tex/latex/hyperref/hpdftex.def
File: hpdftex.def 2021-02-27 v7.00k Hyperref driver for pdfTeX

(/usr/local/texlive/2021/texmf-dist/tex/latex/base/atveryend-ltx.sty
Package: atveryend-ltx 2020/08/19 v1.0a Emulation of the original atvery packag
e
with kernel methods
)
\Fld@listcount=\count288
\c@bookmark@seq@number=\count289

(/usr/local/texlive/2021/texmf-dist/tex/latex/rerunfilecheck/rerunfilecheck.sty
Package: rerunfilecheck 2019/12/05 v1.9 Rerun checks for auxiliary files (HO)

(/usr/local/texlive/2021/texmf-dist/tex/generic/uniquecounter/uniquecounter.sty
Package: uniquecounter 2019/12/15 v1.4 Provide unlimited unique counter (HO)
)
Package uniquecounter Info: New unique counter `rerunfilecheck' on input line 2
86.
)
\Hy@SectionHShift=\skip59
)
Package hyperref Info: Option `colorlinks' set `true' on input line 15.
Package hyperref Info: Option `linktocpage' set `true' on input line 15.
Package hyperref Info: Option `bookmarksopen' set `true' on input line 15.
Package hyperref Info: Option `bookmarksnumbered' set `true' on input line 15.
Package hyperref Info: Option `breaklinks' set `true' on input line 15.

(/usr/local/texlive/2021/texmf-dist/tex/latex/l3backend/l3backend-pdftex.def
File: l3backend-pdftex.def 2021-03-18 L3 backend support: PDF output (pdfTeX)
\l__color_backend_stack_int=\count290
\l__pdf_internal_box=\box50
)
(./manual_6.0.aux)
\openout1 = `manual_6.0.aux'.

LaTeX Font Info:    Checking defaults for OML/cmm/m/it on input line 28.
LaTeX Font Info:    ... okay on input line 28.
LaTeX Font Info:    Checking defaults for OMS/cmsy/m/n on input line 28.
LaTeX Font Info:    ... okay on input line 28.
LaTeX Font Info:    Checking defaults for OT1/cmr/m/n on input line 28.
LaTeX Font Info:    ... okay on input line 28.
LaTeX Font Info:    Checking defaults for T1/cmr/m/n on input line 28.
LaTeX Font Info:    ... okay on input line 28.
LaTeX Font Info:    Checking defaults for TS1/cmr/m/n on input line 28.
LaTeX Font Info:    ... okay on input line 28.
LaTeX Font Info:    Checking defaults for OMX/cmex/m/n on input line 28.
LaTeX Font Info:    ... okay on input line 28.
LaTeX Font Info:    Checking defaults for U/cmr/m/n on input line 28.
LaTeX Font Info:    ... okay on input line 28.
LaTeX Font Info:    Checking defaults for PD1/pdf/m/n on input line 28.
LaTeX Font Info:    ... okay on input line 28.
LaTeX Font Info:    Checking defaults for PU/pdf/m/n on input line 28.
LaTeX Font Info:    ... okay on input line 28.

(/usr/local/texlive/2021/texmf-dist/tex/context/base/mkii/supp-pdf.mkii
[Loading MPS to PDF converter (version 2006.09.02).]
\scratchcounter=\count291
\scratchdimen=\dimen162
\scratchbox=\box51
\nofMPsegments=\count292
\nofMParguments=\count293
\everyMPshowfont=\toks22
\MPscratchCnt=\count294
\MPscratchDim=\dimen163
\MPnumerator=\count295
\makeMPintoPDFobject=\count296
\everyMPtoPDFconversion=\toks23
) (/usr/local/texlive/2021/texmf-dist/tex/latex/epstopdf-pkg/epstopdf-base.sty
Package: epstopdf-base 2020-01-24 v2.11 Base part for package epstopdf
Package epstopdf-base Info: Redefining graphics rule for `.eps' on input line 4
85.

(/usr/local/texlive/2021/texmf-dist/tex/latex/latexconfig/epstopdf-sys.cfg
File: epstopdf-sys.cfg 2010/07/13 v1.3 Configuration of (r)epstopdf for TeX Liv
e
))
Package caption Info: Begin \AtBeginDocument code.
Package caption Info: subfig package v1.3 is loaded.
Package caption Info: hyperref package is loaded.
Package caption Info: End \AtBeginDocument code.
Package hyperref Info: Link coloring ON on input line 28.

(/usr/local/texlive/2021/texmf-dist/tex/latex/hyperref/nameref.sty
Package: nameref 2021-04-02 v2.47 Cross-referencing by name of section

(/usr/local/texlive/2021/texmf-dist/tex/latex/refcount/refcount.sty
Package: refcount 2019/12/15 v3.6 Data extraction from label references (HO)
)
(/usr/local/texlive/2021/texmf-dist/tex/generic/gettitlestring/gettitlestring.s
ty
Package: gettitlestring 2019/12/15 v1.6 Cleanup title references (HO)
)
\c@section@level=\count297
)
LaTeX Info: Redefining \ref on input line 28.
LaTeX Info: Redefining \pageref on input line 28.
LaTeX Info: Redefining \nameref on input line 28.
 (./manual_6.0.out) (./manual_6.0.out)
\@outlinefile=\write4
\openout4 = `manual_6.0.out'.

LaTeX Font Info:    Trying to load font information for U+rsfs on input line 81
.

(/usr/local/texlive/2021/texmf-dist/tex/latex/jknapltx/ursfs.fd
File: ursfs.fd 1998/03/24 rsfs font definition file (jk)
)
LaTeX Font Info:    Trying to load font information for U+msa on input line 81.


(/usr/local/texlive/2021/texmf-dist/tex/latex/amsfonts/umsa.fd
File: umsa.fd 2013/01/14 v3.01 AMS symbols A
)
LaTeX Font Info:    Trying to load font information for U+msb on input line 81.


(/usr/local/texlive/2021/texmf-dist/tex/latex/amsfonts/umsb.fd
File: umsb.fd 2013/01/14 v3.01 AMS symbols B
)
(./manual_6.0.toc [1
Non-PDF special ignored!
<special> header=psfrag.pro

{/usr/local/texlive/2021/texmf-var/fonts/map/pdftex/updmap/pdftex.map}]
Overfull \hbox (1.52078pt too wide) in paragraph at lines 17--17
 [][] []\OT1/cmr/m/n/12 Calculation of relic den-sity for N-component DM tak-in
g into ac-count coscat- 
 []

[2])
\tf@toc=\write5
\openout5 = `manual_6.0.toc'.

 [3]
Underfull \hbox (badness 10000) in paragraph at lines 175--183

 []


Underfull \hbox (badness 10000) in paragraph at lines 188--245

 []

[4] [5]
Underfull \hbox (badness 10000) in paragraph at lines 265--266

 []


Underfull \hbox (badness 10000) in paragraph at lines 304--307

 []

[6]
Overfull \hbox (7.31027pt too wide) in paragraph at lines 325--333
\OT1/cmr/m/n/12 SUSY [[][]32[][]] and SPheno [[][]33[][]]; \OT1/cmtt/m/n/12 sup
erIso \OT1/cmr/m/n/12 [[][]34[][]] for fla-vor con-straints; the codes \OT1/cmt
t/m/n/12 HiggsBounds \OT1/cmr/m/n/12 [[][]35[][],
 []


Overfull \hbox (20.89568pt too wide) in paragraph at lines 325--333
[][]\OT1/cmr/m/n/12 36[][]] and \OT1/cmtt/m/n/12 HiggsSignals \OT1/cmr/m/n/12 [
[][]37[][], [][]38[][]] for check-ing Higgs-sector con-straints; as well as \OT
1/cmtt/m/n/12 Lilith-2.1 \OT1/cmr/m/n/12 [[][]39[][][]
 []


Overfull \hbox (11.145pt too wide) in paragraph at lines 334--339
[]    []\OT1/cmtt/m/n/12 sources/superIso.c,      MSSM/lib/spheno_call.c,  MSSM
/lib/ssusy_call.c[]\OT1/cmr/m/n/12 . 
 []

[7]
Overfull \hbox (56.38913pt too wide) in paragraph at lines 383--383
[]\OT1/cmtt/m/n/10.95 #define MONOJET            //Constrain the new physics se
ctor using the LHC monojet limit[] 
 []


Overfull \hbox (27.64569pt too wide) in paragraph at lines 383--383
[]\OT1/cmtt/m/n/10.95 #define FREEZEIN           //Calculates the relic density
 in the freeze-in mechanism[] 
 []


Underfull \hbox (badness 10000) in paragraph at lines 387--388

 []


Underfull \hbox (badness 10000) in paragraph at lines 398--413

 []


Underfull \hbox (badness 10000) in paragraph at lines 417--424

 []

[8]
Overfull \hbox (15.75803pt too wide) in paragraph at lines 458--462
\OT1/cmtt/m/n/12 calcScalarQuarkFF \OT1/cmr/m/n/12 rou-tine pre-sented be-low. 
Some phys-i-cal val-ues eval-u-ated by \OT1/cmtt/m/n/12 micrOMEGAs
 []


Overfull \hbox (30.26129pt too wide) in paragraph at lines 465--487
 [][] 
 []


LaTeX Warning: `!h' float specifier changed to `!ht'.


Overfull \hbox (33.64612pt too wide) in paragraph at lines 513--527
 [][] 
 []

[9] [10]
Underfull \hbox (badness 10000) in paragraph at lines 621--653

 []

[11]
Underfull \hbox (badness 10000) in paragraph at lines 654--658

 []

[12] [13]
Overfull \hbox (13.40233pt too wide) in paragraph at lines 790--819
[]\OT1/cmr/m/n/12 this func-tion can be used to cal-cu-late Som-mer-feld en-han
ce-ment in the \OT1/cmtt/m/n/12 improveCrossSection
 []

[14]
LaTeX Font Info:    Trying to load font information for U+euf on input line 840
.
 (/usr/local/texlive/2021/texmf-dist/tex/latex/amsfonts/ueuf.fd
File: ueuf.fd 2013/01/14 v3.01 Euler Fraktur
) [15]
Overfull \hbox (25.31607pt too wide) in paragraph at lines 853--858
[]\OT1/cmr/m/n/12 micrOMEGAs pro-vides as well the rou-tines  \OT1/cmtt/m/n/12 
darkOmegaTR, darkOmega2TR, darkOmegaNTR
 []


Overfull \hbox (7.88115pt too wide) in paragraph at lines 867--867
[]\OT1/cmtt/m/n/12 64  - Tstart is not found. It means that one of the  DM comp
onent was never[] 
 []

[16]
Underfull \hbox (badness 10000) in paragraph at lines 925--933

 []


Underfull \hbox (badness 10000) in paragraph at lines 962--967

 []

[17]
Underfull \hbox (badness 10000) in paragraph at lines 990--999

 []


Underfull \hbox (badness 10000) in paragraph at lines 1002--1005

 []


Underfull \hbox (badness 10000) in paragraph at lines 1006--1016

 []


Underfull \hbox (badness 10000) in paragraph at lines 1017--1023

 []


Underfull \hbox (badness 10000) in paragraph at lines 1024--1029

 []


Underfull \hbox (badness 10000) in paragraph at lines 1035--1038

 []

[18]
Underfull \hbox (badness 10000) in paragraph at lines 1079--1081

 []

[19] [20]
Overfull \hbox (20.10626pt too wide) in paragraph at lines 1164--1169
\OT1/cmr/m/n/12 func-tions are named \OT1/cmtt/m/n/12 Y1F(T) \OT1/cmr/m/n/12 an
d \OT1/cmtt/m/n/12 Y2F(T) \OT1/cmr/m/n/12 and are de-fined only in the in-ter-v
al $\OT1/cmtt/m/n/12 T \OMS/cmsy/m/n/12 2 \OT1/cmr/m/n/12 [[]\OML/cmm/m/it/12 ;
 []\OT1/cmr/m/n/12 ]$.
 []

[21]
Underfull \hbox (badness 10000) in paragraph at lines 1238--1258

 []


Underfull \hbox (badness 10000) in paragraph at lines 1261--1270

 []

[22]
Overfull \hbox (32.58116pt too wide) in paragraph at lines 1279--1279
[]   \OT1/cmtt/m/n/12 outCh[n].prtcl[0], outCh[n].prtcl[1], outCh[n].prtcl[2], 
outCh[n].prtcl[3]);[] 
 []


Underfull \hbox (badness 10000) in paragraph at lines 1281--1301

 []


Underfull \hbox (badness 10000) in paragraph at lines 1281--1301

 []


Overfull \hbox (0.82666pt too wide) in paragraph at lines 1302--1307
\OT1/cmr/m/n/12 part of the terms in the evo-lu-tion equa-tion. This is re-al-i
zed via the string \OT1/cmtt/m/n/12 ExcludedForNDM\OT1/cmr/m/n/12 ,
 []


Underfull \hbox (badness 10000) in paragraph at lines 1310--1311

 []

[23]
Underfull \hbox (badness 10000) in paragraph at lines 1315--1318

 []


Underfull \hbox (badness 10000) in paragraph at lines 1338--1340

 []


Underfull \hbox (badness 10000) in paragraph at lines 1357--1364

 []

[24]
Underfull \hbox (badness 10000) in paragraph at lines 1376--1378

 []


Overfull \hbox (0.44727pt too wide) in paragraph at lines 1379--1402
[]\OT1/cmr/m/n/12 calculates the DM abun-dance of \OT1/cmtt/m/n/12 feeblePartic
le \OT1/cmr/m/n/12 tak-ing into ac-count only $2 \OMS/cmsy/m/n/12 ! \OT1/cmr/m/
n/12 2$ \OT1/cmtt/m/n/12 Process\OT1/cmr/m/n/12 .
 []


Underfull \hbox (badness 10000) in paragraph at lines 1379--1402

 []


Underfull \hbox (badness 10000) in paragraph at lines 1408--1413

 []

[25]
Underfull \hbox (badness 10000) in paragraph at lines 1414--1422

 []


Overfull \hbox (3.38327pt too wide) in paragraph at lines 1424--1427
\OT1/cmr/m/n/12 rou-tines by call-ing the func-tion \OT1/cmr/m/it/12 YFi(T) \OT
1/cmr/m/n/12 in the in-ter-val $\OML/cmm/m/it/12 T \OMS/cmsy/m/n/12 2 \OT1/cmr/
m/n/12 [\OML/cmm/m/it/12 Tend; Tstart\OT1/cmr/m/n/12 ]$ where \OT1/cmtt/m/n/12 
Tstart=TR
 []


Overfull \hbox (16.7554pt too wide) in paragraph at lines 1441--1453
[]\OT1/cmr/m/n/12 calculates the am-pli-tudes for CDM-nucleon elas-tic scat-ter
-ing at zero mo-men-tum. [][]\OT1/cmtt/m/n/12 pAsi(nAsi)
 []

[26] [27pdfTeX warning (ext4): destination with the same identifier (name{equat
ion.7.26}) has been already used, duplicate ignored
<argument> ...shipout:D \box_use:N \l_shipout_box 
                                                  
l.1515 
       ]
Overfull \hbox (31.08084pt too wide) in paragraph at lines 1528--1528
 []\OT1/cmtt/m/n/12 #define RE_START   1.E-2  // energy [keV] corresponding to 
zero'th element[] 
 []


Underfull \hbox (badness 10000) in paragraph at lines 1550--1556

 []

[28] [29] [30pdfTeX warning (ext4): destination with the same identifier (name{
equation.7.33}) has been already used, duplicate ignored
<argument> ...shipout:D \box_use:N \l_shipout_box 
                                                  
l.1685 \end{equation}
                     ]
Underfull \hbox (badness 10000) in paragraph at lines 1736--1737

 []


Underfull \hbox (badness 10000) in paragraph at lines 1738--1749

 []

[31]
Underfull \hbox (badness 10000) in paragraph at lines 1752--1754

 []


Underfull \hbox (badness 10000) in paragraph at lines 1755--1763

 []


Overfull \hbox (46.51418pt too wide) in paragraph at lines 1772--1779
\OT1/cmr/m/n/12 calculates the value $\OML/cmm/m/it/12  \OT1/cmr/m/n/12 = 1 \O
MS/cmsy/m/n/12 ^^@ \OML/cmm/m/it/12 C:L:$ \OT1/cmr/m/n/12 for a model with DM-n
ucleon cross sec-tions $\OML/cmm/m/it/12 ^^[[]; ^^[[]; ^^[[]; ^^[[]$\OT1/cmr/m/
n/12 .
 []


Overfull \hbox (45.60043pt too wide) in paragraph at lines 1772--1779
\OT1/cmr/m/n/12 sion. The \OT1/cmtt/m/n/12 expCode \OT1/cmr/m/n/12 pa-ram-e-ter
 can be any of the codes [][]\OT1/cmtt/m/n/12 LZ5Tmedian,XENON1T_2018,DarkSide_
2018[]\OT1/cmr/m/n/12 ,
 []


Overfull \hbox (16.1935pt too wide) in paragraph at lines 1798--1801
\OT1/cmr/m/n/12 which is the de-fault value, or the one based on Ney-man one si
de belt ex-clu-sion, \OT1/cmtt/m/n/12 PICO60Flag=1\OT1/cmr/m/n/12 . 
 []


Underfull \hbox (badness 10000) in paragraph at lines 1798--1801

 []


Overfull \hbox (14.35718pt too wide) in paragraph at lines 1804--1808
\OT1/cmr/m/n/12 returns the over-all fac-tor which should be ap-plied to the cr
oss sec-tions, $\OML/cmm/m/it/12 ^^[[]; ^^[[]; ^^[[]; ^^[[]$
 []


Underfull \hbox (badness 10000) in paragraph at lines 1804--1808

 []


Underfull \hbox (badness 10000) in paragraph at lines 1809--1818

 []

[32]
Underfull \hbox (badness 10000) in paragraph at lines 1819--1824

 []


Underfull \hbox (badness 10000) in paragraph at lines 1852--1855

 []


Underfull \hbox (badness 10000) in paragraph at lines 1856--1863

 []


Underfull \hbox (badness 10000) in paragraph at lines 1865--1870

 []

[33]
Underfull \hbox (badness 10000) in paragraph at lines 1871--1874

 []


Underfull \hbox (badness 10000) in paragraph at lines 1900--1904

 []

[34]
Underfull \hbox (badness 10000) in paragraph at lines 1927--1929

 []


Underfull \hbox (badness 10000) in paragraph at lines 1932--1951

 []


Underfull \hbox (badness 10000) in paragraph at lines 1968--1986

 []

[35]
Underfull \hbox (badness 10000) in paragraph at lines 1989--1995

 []


Underfull \hbox (badness 10000) in paragraph at lines 2018--2029

 []

[36] [37]
Overfull \hbox (4.03754pt too wide) in paragraph at lines 2102--2110
\OT1/cmr/m/n/12 pro-duc-tion, [][]\OT1/cmtt/m/n/12 dSigmavdE[]\OT1/cmr/m/n/12 .
 For ex-am-ple, one can sub-sti-tute [][]\OT1/cmtt/m/n/12 dSigmavdE=$\OML/cmm/m
/it/12 ^^[v$[]\OT1/cmtt/m/n/12 SpectdNdE(E,SpA)
 []

[38]
Underfull \hbox (badness 10000) in paragraph at lines 2233--2238

 []

[39]
Overfull \hbox (1.33722pt too wide) in paragraph at lines 2246--2259
\OT1/cmr/m/n/12 from the in-ter-ac-tion of at-mo-spheric neu-tri-nos with rocks
 in units of [][]\OT1/cmtt/m/n/12 [1/Year/km$[]$[]/GeV/Sr][]\OT1/cmr/m/n/12 .
 []


Overfull \hbox (7.47783pt too wide) in paragraph at lines 2306--2329
\OT1/cmr/m/n/12 If [][]\OT1/cmtt/m/n/12 useSLHAwidth=0 []\OT1/cmr/m/n/12 or de-
cay of given par-ti-cle is not pre-sented in SLHA file, then \OT1/cmtt/m/n/12 m
icrOMEGAs
 []

[40] [41] [42]
Overfull \hbox (2.74185pt too wide) in paragraph at lines 2461--2483
[]\OT1/cmr/m/n/12 where \OT1/cmtt/m/n/12 nset \OT1/cmr/m/n/12 spec-i-fies the s
ub-set num-ber. Note, that if a wrong in-put is pro-vided, [][]\OT1/cmtt/m/n/12
 setLHAPDF
 []


Underfull \hbox (badness 10000) in paragraph at lines 2502--2508

 []

[43] [44]
Underfull \hbox (badness 10000) in paragraph at lines 2611--2619

 []


Underfull \hbox (badness 10000) in paragraph at lines 2620--2623

 []

[45]
Underfull \hbox (badness 10000) in paragraph at lines 2638--2644

 []


Underfull \hbox (badness 10000) in paragraph at lines 2645--2648

 []


Underfull \hbox (badness 10000) in paragraph at lines 2654--2656

 []


Underfull \hbox (badness 10000) in paragraph at lines 2657--2660

 []


Underfull \hbox (badness 10000) in paragraph at lines 2665--2666

 []


Underfull \hbox (badness 10000) in paragraph at lines 2667--2670

 []

[46]
Underfull \hbox (badness 10000) in paragraph at lines 2681--2683

 []


Underfull \hbox (badness 10000) in paragraph at lines 2684--2685

 []


Underfull \hbox (badness 10000) in paragraph at lines 2694--2695

 []


Underfull \hbox (badness 10000) in paragraph at lines 2696--2697

 []


Overfull \hbox (33.98572pt too wide) in paragraph at lines 2706--2709
[]\OT1/cmr/m/n/12 The var-i-ous branch-ing ra-tios and widths of the Higgs re-q
uired by \OT1/cmtt/m/n/12 HiggsBounds\OT1/cmr/m/n/12 ,\OT1/cmtt/m/n/12 HiggsSig
nals
 []

[47]
Overfull \hbox (40.72185pt too wide) in paragraph at lines 2745--2748
[]\OT1/cmr/m/n/12 The call of [][]\OT1/cmtt/m/n/12 smodels() []\OT1/cmr/m/n/12 
is by de-fault done in the file [][]\OT1/cmtt/m/n/12 micromegas_5.2.X/include/S
MODELS.inc[]\OT1/cmr/m/n/12 .
 []

[48] [49] [50] [51]
Overfull \hbox (3.74248pt too wide) in paragraph at lines 2904--2909
$\OMS/cmsy/m/n/12 ^^O$ \OT1/cmr/m/it/12 spect[][]\OT1/cmtt/m/n/12 SUGRA(tb,MG1,
MG2,MG3,Al,At,Ab,signMu,MHu,MHd,Ml1,Ml3,Mr1,Mr3,Mq1,Mq3, 
 []


Underfull \hbox (badness 10000) in paragraph at lines 2919--2922

 []

[52] [53]
Underfull \hbox (badness 10000) in paragraph at lines 3038--3041

 []


Underfull \hbox (badness 10000) in paragraph at lines 3042--3044

 []


Underfull \hbox (badness 10000) in paragraph at lines 3045--3048

 []


Underfull \hbox (badness 10000) in paragraph at lines 3049--3051

 []


Overfull \hbox (27.61081pt too wide) in paragraph at lines 3078--3083
[]\OT1/cmr/m/n/12 where [][]\OT1/cmtt/m/n/12 PDG_LSP []\OT1/cmr/m/n/12 is the P
DG code of the LSP. The re-sult is con-tained in four files ([][]\OT1/cmtt/m/n/
12 UMSSM_inp.dat[]\OT1/cmr/m/n/12 ,
 []


Underfull \hbox (badness 10000) in paragraph at lines 3086--3089

 []

[54]
Underfull \hbox (badness 10000) in paragraph at lines 3102--3104

 []


Overfull \hbox (6.83847pt too wide) in paragraph at lines 3128--3132
\OT1/cmr/m/n/12 tory \OT1/cmtt/m/n/12 MODEL[][]/work/models[]\OT1/cmr/m/n/12 . 
The files needed are [][]\OT1/cmtt/m/n/12 vars1.mdl[]\OT1/cmr/m/n/12 , [][]\OT1
/cmtt/m/n/12 func1.mdl[]\OT1/cmr/m/n/12 , [][]\OT1/cmtt/m/n/12 prtcls1.mdl[]\OT
1/cmr/m/n/12 ,
 []

[55]
Underfull \hbox (badness 10000) in paragraph at lines 3209--3212

 []

[56] [57] [58]
Overfull \hbox (8.01257pt too wide) in paragraph at lines 3386--3386
[]    \OT1/cmtt/m/n/8 1           5 ||(p p)->h+..., h=1 where h is SM-like (CMS
-PAS-HIG-12-008)|| # text description of channel[] 
 []


Underfull \hbox (badness 10000) in paragraph at lines 3389--3392

 []

[59]
Overfull \hbox (1137.90671pt too wide) in paragraph at lines 3471--3471
[]\OT1/cmtt/m/n/12 open  |openAppend("suspect2_lha.in")                        
                                                                               
                                                                               
                                       |[] 
 []


Overfull \hbox (1032.93166pt too wide) in paragraph at lines 3471--3471
[]\OT1/cmtt/m/n/12 input1|aPrintF("Block MODSEL  # Select model\n  1  1   # SUG
RA\n")                                                                         
                                                                               
                      |[] 
 []


Overfull \hbox (983.53163pt too wide) in paragraph at lines 3471--3471
[]\OT1/cmtt/m/n/12 input2|aPrintF("Block SMINPUTS\n 5 %E#mb(mb)\n 6 %E#mt(pole)
\n",MbMb,Mtp)                                                                  
                                                                               
              |[] 
 []


Overfull \hbox (829.15656pt too wide) in paragraph at lines 3471--3471
[]\OT1/cmtt/m/n/12 input3|aPrintF("BLOCK MINPAR\n 1 %E #m0\n 2 %E #m1/2\n ",Mze
ro,Mhalf)                                                                      
                                                                    |[] 
 []


Overfull \hbox (810.63155pt too wide) in paragraph at lines 3471--3471
[]\OT1/cmtt/m/n/12 input4|aPrintF("3 %E #tb\n 4 %E #sign(mu)\n 5 %E #A0\n",tb,s
gn,A0)                                                                         
                                                                 |[] 
 []


Overfull \hbox (1131.7317pt too wide) in paragraph at lines 3471--3471
[]\OT1/cmtt/m/n/12 sys   |System("./suspect2.exe")                             
                                                                               
                                                                               
                                      |[] 
 []


Overfull \hbox (1131.7317pt too wide) in paragraph at lines 3471--3471
[]\OT1/cmtt/m/n/12 rd    |slhaRead("suspect2_lha.out",0)                       
                                                                               
                                                                               
                                      |[] 
 []

[60] [61]
Underfull \hbox (badness 10000) in paragraph at lines 3560--3561

 []

[62] [63]
Underfull \hbox (badness 10000) in paragraph at lines 3680--3684

 []


Underfull \hbox (badness 10000) in paragraph at lines 3686--3697

 []


Underfull \hbox (badness 10000) in paragraph at lines 3705--3707

 []


Overfull \hbox (13.63075pt too wide) in paragraph at lines 3708--3715
\OML/cmm/m/it/12 T=M[]$\OT1/cmr/m/n/12 , where these func-tions can be pre-sent
ed as poly-no-mi-als in $\OML/cmm/m/it/12 x$\OT1/cmr/m/n/12 . [][]\OT1/cmtt/m/n
/12 K1pol(0)=K2pol(0)=1[]\OT1/cmr/m/n/12 . 
 []

[64]

Package hyperref Warning: Token not allowed in a PDF string (Unicode):
(hyperref)                removing `math shift' on input line 3748.


Package hyperref Warning: Token not allowed in a PDF string (Unicode):
(hyperref)                removing `\rightarrow' on input line 3748.


Package hyperref Warning: Token not allowed in a PDF string (Unicode):
(hyperref)                removing `\gamma' on input line 3748.


Package hyperref Warning: Token not allowed in a PDF string (Unicode):
(hyperref)                removing `math shift' on input line 3748.

[65]
Package epstopdf Info: Source file: <bsgiso.eps>
(epstopdf)                    date: 2023-12-22 11:53:42
(epstopdf)                    size: 50565 bytes
(epstopdf)             Output file: <bsgiso-eps-converted-to.pdf>
(epstopdf)                    date: 2023-12-22 11:53:42
(epstopdf)                    size: 170352 bytes
(epstopdf)             Command: <repstopdf --outfile=bsgiso-eps-converted-to.pd
f bsgiso.eps>
(epstopdf)             \includegraphics on input line 3825.
Package epstopdf Info: Output file is already uptodate.
<bsgiso-eps-converted-to.pdf, id=1075, 341.275pt x 341.275pt>
File: bsgiso-eps-converted-to.pdf Graphic file (type pdf)
<use bsgiso-eps-converted-to.pdf>
Package pdftex.def Info: bsgiso-eps-converted-to.pdf  used on input line 3825.
(pdftex.def)             Requested size: 227.62204pt x 227.62718pt.
 (./manual_6.0.bbl [66 <./bsgiso-eps-converted-to.pdf>] [67] [68] [69]
[70] [71] [72] [73] [74]) [75] (./manual_6.0.aux)
Package rerunfilecheck Info: File `manual_6.0.out' has not changed.
(rerunfilecheck)             Checksum: 16B24D976F1A048A2F8AFE46AD14DD38;15651.
 ) 
Here is how much of TeX's memory you used:
 11324 strings out of 478994
 169469 string characters out of 5858184
 485344 words of memory out of 5000000
 28312 multiletter control sequences out of 15000+600000
 420471 words of font info for 99 fonts, out of 8000000 for 9000
 1141 hyphenation exceptions out of 8191
 71i,13n,79p,844b,507s stack positions out of 5000i,500n,10000p,200000b,80000s
{/usr/local/texlive/2021/texmf-dist/fonts/enc/dvips/cm-super/cm-super-ts1.enc
}</usr/local/texlive/2021/texmf-dist/fonts/type1/public/amsfonts/cm/cmbx10.pfb>
</usr/local/texlive/2021/texmf-dist/fonts/type1/public/amsfonts/cm/cmbx12.pfb><
/usr/local/texlive/2021/texmf-dist/fonts/type1/public/amsfonts/cm/cmex10.pfb></
usr/local/texlive/2021/texmf-dist/fonts/type1/public/amsfonts/cm/cmmi10.pfb></u
sr/local/texlive/2021/texmf-dist/fonts/type1/public/amsfonts/cm/cmmi12.pfb></us
r/local/texlive/2021/texmf-dist/fonts/type1/public/amsfonts/cm/cmmi6.pfb></usr/
local/texlive/2021/texmf-dist/fonts/type1/public/amsfonts/cm/cmmi8.pfb></usr/lo
cal/texlive/2021/texmf-dist/fonts/type1/public/amsfonts/cm/cmr10.pfb></usr/loca
l/texlive/2021/texmf-dist/fonts/type1/public/amsfonts/cm/cmr12.pfb></usr/local/
texlive/2021/texmf-dist/fonts/type1/public/amsfonts/cm/cmr6.pfb></usr/local/tex
live/2021/texmf-dist/fonts/type1/public/amsfonts/cm/cmr7.pfb></usr/local/texliv
e/2021/texmf-dist/fonts/type1/public/amsfonts/cm/cmr8.pfb></usr/local/texlive/2
021/texmf-dist/fonts/type1/public/amsfonts/cm/cmss12.pfb></usr/local/texlive/20
21/texmf-dist/fonts/type1/public/amsfonts/cm/cmsy10.pfb></usr/local/texlive/202
1/texmf-dist/fonts/type1/public/amsfonts/cm/cmsy6.pfb></usr/local/texlive/2021/
texmf-dist/fonts/type1/public/amsfonts/cm/cmsy7.pfb></usr/local/texlive/2021/te
xmf-dist/fonts/type1/public/amsfonts/cm/cmsy8.pfb></usr/local/texlive/2021/texm
f-dist/fonts/type1/public/amsfonts/cm/cmti12.pfb></usr/local/texlive/2021/texmf
-dist/fonts/type1/public/amsfonts/cm/cmtt10.pfb></usr/local/texlive/2021/texmf-
dist/fonts/type1/public/amsfonts/cm/cmtt12.pfb></usr/local/texlive/2021/texmf-d
ist/fonts/type1/public/amsfonts/cm/cmtt8.pfb></usr/local/texlive/2021/texmf-dis
t/fonts/type1/public/amsfonts/euler/eufm10.pfb></usr/local/texlive/2021/texmf-d
ist/fonts/type1/public/cm-super/sfrm1200.pfb>
Output written on manual_6.0.pdf (75 pages, 749786 bytes).
PDF statistics:
 1544 PDF objects out of 1728 (max. 8388607)
 1428 compressed objects within 15 object streams
 328 named destinations out of 1000 (max. 500000)
 542 words of extra memory for PDF output out of 10000 (max. 10000000)

