\BOOKMARK [1][]{section.1}{\376\377\0001\000\040\000I\000n\000t\000r\000o\000d\000u\000c\000t\000i\000o\000n}{}% 1
\BOOKMARK [1][]{section.2}{\376\377\0002\000\040\000D\000i\000s\000c\000r\000e\000t\000e\000\040\000s\000y\000m\000m\000e\000t\000r\000y\000\040\000i\000n\000\040\000m\000i\000c\000r\000O\000M\000E\000G\000A\000s}{}% 2
\BOOKMARK [1][]{section.3}{\376\377\0003\000\040\000D\000o\000w\000n\000l\000o\000a\000d\000i\000n\000g\000\040\000a\000n\000d\000\040\000c\000o\000m\000p\000i\000l\000a\000t\000i\000o\000n\000\040\000o\000f\000\040\000m\000i\000c\000r\000O\000M\000E\000G\000A\000s}{}% 3
\BOOKMARK [2][]{subsection.3.1}{\376\377\0003\000.\0001\000\040\000F\000i\000l\000e\000\040\000s\000t\000r\000u\000c\000t\000u\000r\000e\000\040\000o\000f\000\040\000m\000i\000c\000r\000O\000M\000E\000G\000A\000s}{section.3}% 4
\BOOKMARK [2][]{subsection.3.2}{\376\377\0003\000.\0002\000\040\000C\000o\000m\000p\000i\000l\000a\000t\000i\000o\000n\000\040\000o\000f\000\040\000C\000a\000l\000c\000H\000E\000P\000\040\000a\000n\000d\000\040\000m\000i\000c\000r\000O\000M\000E\000G\000A\000s\000\040\000r\000o\000u\000t\000i\000n\000e\000s}{section.3}% 5
\BOOKMARK [2][]{subsection.3.3}{\376\377\0003\000.\0003\000\040\000E\000x\000t\000e\000r\000n\000a\000l\000\040\000p\000a\000c\000k\000a\000g\000e\000s}{section.3}% 6
\BOOKMARK [2][]{subsection.3.4}{\376\377\0003\000.\0004\000\040\000M\000o\000d\000u\000l\000e\000\040\000s\000t\000r\000u\000c\000t\000u\000r\000e\000\040\000o\000f\000\040\000m\000a\000i\000n\000\040\000p\000r\000o\000g\000r\000a\000m\000s}{section.3}% 7
\BOOKMARK [2][]{subsection.3.5}{\376\377\0003\000.\0005\000\040\000C\000o\000m\000p\000i\000l\000a\000t\000i\000o\000n\000\040\000o\000f\000\040\000c\000o\000d\000e\000s\000\040\000f\000o\000r\000\040\000s\000p\000e\000c\000i\000f\000i\000c\000\040\000m\000o\000d\000e\000l\000s}{section.3}% 8
\BOOKMARK [2][]{subsection.3.6}{\376\377\0003\000.\0006\000\040\000C\000o\000m\000m\000a\000n\000d\000\040\000l\000i\000n\000e\000\040\000p\000a\000r\000a\000m\000e\000t\000e\000r\000s\000\040\000o\000f\000\040\000m\000a\000i\000n\000\040\000p\000r\000o\000g\000r\000a\000m\000s}{section.3}% 9
\BOOKMARK [1][]{section.4}{\376\377\0004\000\040\000G\000l\000o\000b\000a\000l\000\040\000P\000a\000r\000a\000m\000e\000t\000e\000r\000s\000\040\000a\000n\000d\000\040\000c\000o\000n\000s\000t\000a\000n\000t\000s}{}% 10
\BOOKMARK [1][]{section.5}{\376\377\0005\000\040\000S\000e\000t\000t\000i\000n\000g\000\040\000o\000f\000\040\000m\000o\000d\000e\000l\000\040\000p\000a\000r\000a\000m\000e\000t\000e\000r\000s\000,\000\040\000s\000p\000e\000c\000t\000r\000u\000m\000\040\000c\000a\000l\000c\000u\000l\000a\000t\000i\000o\000n\000,\000\040\000p\000a\000r\000a\000m\000e\000t\000e\000r\000\040\000d\000i\000s\000p\000l\000a\000y}{}% 11
\BOOKMARK [1][]{section.6}{\376\377\0006\000\040\000R\000e\000l\000i\000c\000\040\000d\000e\000n\000s\000i\000t\000y\000\040\000c\000a\000l\000c\000u\000l\000a\000t\000i\000o\000n}{}% 12
\BOOKMARK [2][]{subsection.6.1}{\376\377\0006\000.\0001\000\040\000S\000w\000i\000t\000c\000h\000e\000s\000\040\000a\000n\000d\000\040\000a\000u\000x\000i\000l\000a\000r\000y\000\040\000r\000o\000u\000t\000i\000n\000e\000s}{section.6}% 13
\BOOKMARK [2][]{subsection.6.2}{\376\377\0006\000.\0002\000\040\000T\000e\000m\000p\000e\000r\000a\000t\000u\000r\000e\000\040\000i\000n\000t\000e\000r\000v\000a\000l\000\040\000a\000n\000d\000\040\000E\000r\000r\000o\000r\000\040\000c\000o\000d\000e\000s\000\040\000f\000o\000r\000\040\000r\000o\000u\000t\000i\000n\000e\000s\000\040\000c\000a\000l\000c\000u\000l\000a\000t\000i\000n\000g\000\040\000r\000e\000l\000i\000c\000\040\000d\000e\000n\000s\000i\000t\000y}{section.6}% 14
\BOOKMARK [2][]{subsection.6.3}{\376\377\0006\000.\0003\000\040\000C\000a\000l\000c\000u\000l\000a\000t\000i\000o\000n\000\040\000o\000f\000\040\000r\000e\000l\000i\000c\000\040\000d\000e\000n\000s\000i\000t\000y\000\040\000f\000o\000r\000\040\000o\000n\000e\000-\000c\000o\000m\000p\000o\000n\000e\000n\000t\000\040\000D\000a\000r\000k\000\040\000M\000a\000t\000t\000e\000r\000\040\000m\000o\000d\000e\000l\000s}{section.6}% 15
\BOOKMARK [2][]{subsection.6.4}{\376\377\0006\000.\0004\000\040\000C\000a\000l\000c\000u\000l\000a\000t\000i\000o\000n\000\040\000o\000f\000\040\000r\000e\000l\000i\000c\000\040\000d\000e\000n\000s\000i\000t\000y\000\040\000f\000o\000r\000\040\000t\000w\000o\000-\000c\000o\000m\000p\000o\000n\000e\000n\000t\000\040\000D\000a\000r\000k\000\040\000M\000a\000t\000t\000e\000r\000\040\000m\000o\000d\000e\000l\000s}{section.6}% 16
\BOOKMARK [2][]{subsection.6.5}{\376\377\0006\000.\0005\000\040\000C\000a\000l\000c\000u\000l\000a\000t\000i\000o\000n\000\040\000o\000f\000\040\000r\000e\000l\000i\000c\000\040\000d\000e\000n\000s\000i\000t\000y\000\040\000f\000o\000r\000\040\000N\000-\000c\000o\000m\000p\000o\000n\000e\000n\000t\000\040\000D\000M\000\040\000t\000a\000k\000i\000n\000g\000\040\000i\000n\000t\000o\000\040\000a\000c\000c\000o\000u\000n\000t\000\040\000c\000o\000s\000c\000a\000t\000t\000e\000r\000i\000n\000g\000\040\000p\000r\000o\000c\000e\000s\000s\000e\000s\000.}{section.6}% 17
\BOOKMARK [2][]{subsection.6.6}{\376\377\0006\000.\0006\000\040\000C\000a\000l\000c\000u\000l\000a\000t\000i\000o\000n\000\040\000o\000f\000\040\000r\000e\000l\000i\000c\000\040\000d\000e\000n\000s\000i\000t\000y\000\040\000f\000o\000r\000\040\000f\000r\000e\000e\000z\000e\000-\000i\000n}{section.6}% 18
\BOOKMARK [1][]{section.7}{\376\377\0007\000\040\000D\000i\000r\000e\000c\000t\000\040\000d\000e\000t\000e\000c\000t\000i\000o\000n}{}% 19
\BOOKMARK [2][]{subsection.7.1}{\376\377\0007\000.\0001\000\040\000A\000m\000p\000l\000i\000t\000u\000d\000e\000s\000\040\000f\000o\000r\000\040\000e\000l\000a\000s\000t\000i\000c\000\040\000s\000c\000a\000t\000t\000e\000r\000i\000n\000g}{section.7}% 20
\BOOKMARK [2][]{subsection.7.2}{\376\377\0007\000.\0002\000\040\000S\000c\000a\000t\000t\000e\000r\000i\000n\000g\000\040\000o\000n\000\040\000n\000u\000c\000l\000e\000i}{section.7}% 21
\BOOKMARK [3][]{subsubsection.7.2.1}{\376\377\0007\000.\0002\000.\0001\000\040\000N\000u\000c\000l\000e\000u\000s\000\040\000f\000o\000r\000m\000\040\000f\000a\000c\000t\000o\000r\000s}{subsection.7.2}% 22
\BOOKMARK [3][]{subsubsection.7.2.2}{\376\377\0007\000.\0002\000.\0002\000\040\000V\000e\000l\000o\000c\000i\000t\000y\000\040\000d\000i\000s\000t\000r\000i\000b\000u\000t\000i\000o\000n}{subsection.7.2}% 23
\BOOKMARK [2][]{subsection.7.3}{\376\377\0007\000.\0003\000\040\000C\000o\000m\000p\000a\000r\000i\000s\000o\000n\000\040\000w\000i\000t\000h\000\040\000D\000i\000r\000e\000c\000t\000\040\000D\000e\000t\000e\000c\000t\000i\000o\000n\000\040\000e\000x\000p\000e\000r\000i\000m\000e\000n\000t\000s}{section.7}% 24
\BOOKMARK [3][]{subsubsection.7.3.1}{\376\377\0007\000.\0003\000.\0001\000\040\000E\000x\000p\000e\000r\000i\000m\000e\000n\000t\000a\000l\000\040\000d\000a\000t\000a}{subsection.7.3}% 25
\BOOKMARK [3][]{subsubsection.7.3.2}{\376\377\0007\000.\0003\000.\0002\000\040\000R\000e\000c\000a\000s\000t\000i\000n\000g\000\040\000t\000h\000e\000\040\000e\000x\000p\000e\000r\000i\000m\000e\000n\000t\000a\000l\000\040\000l\000i\000m\000i\000t\000s\000\040\000w\000i\000t\000h\000\040\000m\000i\000c\000r\000O\000M\000E\000G\000A\000s}{subsection.7.3}% 26
\BOOKMARK [3][]{subsubsection.7.3.3}{\376\377\0007\000.\0003\000.\0003\000\040\000S\000e\000t\000t\000i\000n\000g\000\040\000s\000p\000i\000n\000-\000d\000e\000p\000e\000n\000d\000e\000n\000t\000\040\000f\000o\000r\000m\000\040\000f\000a\000c\000t\000o\000r\000s}{subsection.7.3}% 27
\BOOKMARK [1][]{section.8}{\376\377\0008\000\040\000I\000n\000d\000i\000r\000e\000c\000t\000\040\000d\000e\000t\000e\000c\000t\000i\000o\000n}{}% 28
\BOOKMARK [2][]{subsection.8.1}{\376\377\0008\000.\0001\000\040\000I\000n\000t\000e\000r\000p\000o\000l\000a\000t\000i\000o\000n\000\040\000a\000n\000d\000\040\000d\000i\000s\000p\000l\000a\000y\000\040\000o\000f\000\040\000s\000p\000e\000c\000t\000r\000a}{section.8}% 29
\BOOKMARK [2][]{subsection.8.2}{\376\377\0008\000.\0002\000\040\000A\000n\000n\000i\000h\000i\000l\000a\000t\000i\000o\000n\000\040\000s\000p\000e\000c\000t\000r\000a}{section.8}% 30
\BOOKMARK [2][]{subsection.8.3}{\376\377\0008\000.\0003\000\040\000D\000i\000s\000t\000r\000i\000b\000u\000t\000i\000o\000n\000\040\000o\000f\000\040\000D\000a\000r\000k\000\040\000M\000a\000t\000t\000e\000r\000\040\000i\000n\000\040\000G\000a\000l\000a\000x\000y}{section.8}% 31
\BOOKMARK [2][]{subsection.8.4}{\376\377\0008\000.\0004\000\040\000P\000h\000o\000t\000o\000n\000\040\000s\000i\000g\000n\000a\000l}{section.8}% 32
\BOOKMARK [2][]{subsection.8.5}{\376\377\0008\000.\0005\000\040\000P\000r\000o\000p\000a\000g\000a\000t\000i\000o\000n\000\040\000o\000f\000\040\000c\000h\000a\000r\000g\000e\000d\000\040\000p\000a\000r\000t\000i\000c\000l\000e\000s}{section.8}% 33
\BOOKMARK [1][]{section.9}{\376\377\0009\000\040\000N\000e\000u\000t\000r\000i\000n\000o\000\040\000s\000i\000g\000n\000a\000l\000\040\000f\000r\000o\000m\000\040\000t\000h\000e\000\040\000S\000u\000n\000\040\000a\000n\000d\000\040\000t\000h\000e\000\040\000E\000a\000r\000t\000h\000\040}{}% 34
\BOOKMARK [2][]{subsection.9.1}{\376\377\0009\000.\0001\000\040\000C\000o\000m\000p\000a\000r\000i\000s\000o\000n\000\040\000w\000i\000t\000h\000\040\000I\000c\000e\000C\000u\000b\000e\000\040\000r\000e\000s\000u\000l\000t\000s}{section.9}% 35
\BOOKMARK [1][]{section.10}{\376\377\0001\0000\000\040\000C\000r\000o\000s\000s\000\040\000s\000e\000c\000t\000i\000o\000n\000s\000\040\000a\000n\000d\000\040\000d\000e\000c\000a\000y\000s}{}% 36
\BOOKMARK [1][]{section.11}{\376\377\0001\0001\000\040\000T\000o\000o\000l\000s\000\040\000f\000o\000r\000\040\000m\000o\000d\000e\000l\000\040\000i\000n\000d\000e\000p\000e\000n\000d\000e\000n\000t\000\040\000a\000n\000a\000l\000y\000s\000i\000s}{}% 37
\BOOKMARK [1][]{section.12}{\376\377\0001\0002\000\040\000C\000o\000n\000s\000t\000r\000a\000i\000n\000t\000s\000\040\000f\000r\000o\000m\000\040\000c\000o\000l\000l\000i\000d\000e\000r\000s}{}% 38
\BOOKMARK [2][]{subsection.12.1}{\376\377\0001\0002\000.\0001\000\040\000T\000h\000e\000\040\000H\000i\000g\000g\000s\000\040\000s\000e\000c\000t\000o\000r}{section.12}% 39
\BOOKMARK [3][]{subsubsection.12.1.1}{\376\377\0001\0002\000.\0001\000.\0001\000\040\000L\000i\000l\000i\000t\000h}{subsection.12.1}% 40
\BOOKMARK [3][]{subsubsection.12.1.2}{\376\377\0001\0002\000.\0001\000.\0002\000\040\000H\000i\000g\000g\000s\000B\000o\000u\000n\000d\000s\000\040\000a\000n\000d\000\040\000H\000i\000g\000g\000s\000S\000i\000g\000n\000a\000l\000s}{subsection.12.1}% 41
\BOOKMARK [3][]{subsubsection.12.1.3}{\376\377\0001\0002\000.\0001\000.\0003\000\040\000A\000u\000t\000o\000m\000a\000t\000i\000c\000\040\000g\000e\000n\000e\000r\000a\000t\000i\000o\000n\000\040\000o\000f\000\040\000i\000n\000t\000e\000r\000f\000a\000c\000e\000\040\000f\000i\000l\000e\000s}{subsection.12.1}% 42
\BOOKMARK [2][]{subsection.12.2}{\376\377\0001\0002\000.\0002\000\040\000S\000e\000a\000r\000c\000h\000e\000s\000\040\000f\000o\000r\000\040\000N\000e\000w\000\040\000p\000a\000r\000t\000i\000c\000l\000e\000s}{section.12}% 43
\BOOKMARK [3][]{subsubsection.12.2.1}{\376\377\0001\0002\000.\0002\000.\0001\000\040\000S\000M\000o\000d\000e\000l\000S}{subsection.12.2}% 44
\BOOKMARK [3][]{subsubsection.12.2.2}{\376\377\0001\0002\000.\0002\000.\0002\000\040\000O\000t\000h\000e\000r\000\040\000l\000i\000m\000i\000t\000s}{subsection.12.2}% 45
\BOOKMARK [1][]{section.13}{\376\377\0001\0003\000\040\000A\000d\000d\000i\000t\000i\000o\000n\000a\000l\000\040\000r\000o\000u\000t\000i\000n\000e\000s\000\040\000f\000o\000r\000\040\000s\000p\000e\000c\000i\000f\000i\000c\000\040\000m\000o\000d\000e\000l\000s}{}% 46
\BOOKMARK [2][]{subsection.13.1}{\376\377\0001\0003\000.\0001\000\040\000T\000h\000e\000\040\000M\000S\000S\000M}{section.13}% 47
\BOOKMARK [2][]{subsection.13.2}{\376\377\0001\0003\000.\0002\000\040\000T\000h\000e\000\040\000N\000M\000S\000S\000M}{section.13}% 48
\BOOKMARK [2][]{subsection.13.3}{\376\377\0001\0003\000.\0003\000\040\000T\000h\000e\000\040\000C\000P\000V\000M\000S\000S\000M}{section.13}% 49
\BOOKMARK [2][]{subsection.13.4}{\376\377\0001\0003\000.\0004\000\040\000T\000h\000e\000\040\000U\000M\000S\000S\000M}{section.13}% 50
\BOOKMARK [1][]{section.14}{\376\377\0001\0004\000\040\000T\000o\000o\000l\000s\000\040\000f\000o\000r\000\040\000n\000e\000w\000\040\000m\000o\000d\000e\000l\000\040\000i\000m\000p\000l\000e\000m\000e\000n\000t\000a\000t\000i\000o\000n}{}% 51
\BOOKMARK [2][]{subsection.14.1}{\376\377\0001\0004\000.\0001\000\040\000M\000a\000i\000n\000\040\000s\000t\000e\000p\000s}{section.14}% 52
\BOOKMARK [2][]{subsection.14.2}{\376\377\0001\0004\000.\0002\000\040\000A\000u\000t\000o\000m\000a\000t\000i\000c\000\040\000w\000i\000d\000t\000h\000\040\000c\000a\000l\000c\000u\000l\000a\000t\000i\000o\000n}{section.14}% 53
\BOOKMARK [2][]{subsection.14.3}{\376\377\0001\0004\000.\0003\000\040\000U\000s\000i\000n\000g\000\040\000L\000a\000n\000H\000E\000P\000\040\000f\000o\000r\000\040\000m\000o\000d\000e\000l\000\040\000f\000i\000l\000e\000\040\000g\000e\000n\000e\000r\000a\000t\000i\000o\000n}{section.14}% 54
\BOOKMARK [2][]{subsection.14.4}{\376\377\0001\0004\000.\0004\000\040\000Q\000C\000D\000\040\000f\000u\000n\000c\000t\000i\000o\000n\000s}{section.14}% 55
\BOOKMARK [2][]{subsection.14.5}{\376\377\0001\0004\000.\0005\000\040\000S\000L\000H\000A\000\040\000r\000e\000a\000d\000e\000r}{section.14}% 56
\BOOKMARK [3][]{subsubsection.14.5.1}{\376\377\0001\0004\000.\0005\000.\0001\000\040\000W\000r\000i\000t\000i\000n\000g\000\040\000a\000n\000\040\000S\000L\000H\000A\000\040\000i\000n\000p\000u\000t\000\040\000f\000i\000l\000e}{subsection.14.5}% 57
\BOOKMARK [2][]{subsection.14.6}{\376\377\0001\0004\000.\0006\000\040\000R\000o\000u\000t\000i\000n\000e\000s\000\040\000f\000o\000r\000\040\000d\000i\000a\000g\000o\000n\000a\000l\000i\000s\000a\000t\000i\000o\000n}{section.14}% 58
\BOOKMARK [1][]{section.15}{\376\377\0001\0005\000\040\000M\000a\000t\000h\000e\000m\000a\000t\000i\000c\000a\000l\000\040\000t\000o\000o\000l\000s}{}% 59
\BOOKMARK [2][]{subsection.15.1}{\376\377\0001\0005\000.\0001\000\040\000I\000n\000t\000e\000g\000r\000a\000t\000i\000o\000n}{section.15}% 60
\BOOKMARK [2][]{subsection.15.2}{\376\377\0001\0005\000.\0002\000\040\000\040\000S\000o\000l\000u\000t\000i\000o\000n\000\040\000o\000f\000\040\000d\000i\000f\000f\000e\000r\000e\000n\000t\000i\000a\000l\000\040\000e\000q\000u\000a\000t\000i\000o\000n\000s\000.}{section.15}% 61
\BOOKMARK [2][]{subsection.15.3}{\376\377\0001\0005\000.\0003\000\040\000I\000n\000t\000e\000r\000p\000o\000l\000a\000t\000i\000o\000n}{section.15}% 62
\BOOKMARK [2][]{subsection.15.4}{\376\377\0001\0005\000.\0004\000\040\000F\000u\000n\000c\000t\000i\000o\000n\000s\000\040\000w\000i\000t\000h\000\040\000a\000d\000d\000i\000t\000i\000o\000n\000a\000l\000\040\000p\000a\000r\000a\000m\000e\000t\000e\000r\000s}{section.15}% 63
\BOOKMARK [2][]{subsection.15.5}{\376\377\0001\0005\000.\0005\000\040\000P\000l\000o\000t\000s}{section.15}% 64
\BOOKMARK [2][]{subsection.15.6}{\376\377\0001\0005\000.\0006\000\040\000B\000e\000s\000s\000e\000l\000\040\000f\000u\000n\000c\000t\000i\000o\000n\000s}{section.15}% 65
\BOOKMARK [2][]{subsection.15.7}{\376\377\0001\0005\000.\0007\000\040\000S\000t\000a\000t\000i\000s\000t\000i\000c\000s}{section.15}% 66
\BOOKMARK [1][]{appendix.A}{\376\377\000A\000\040\000A\000n\000\040\000u\000p\000d\000a\000t\000e\000d\000\040\000r\000o\000u\000t\000i\000n\000e\000\040\000f\000o\000r\000\040\000b\000s\000\040\000i\000n\000\040\000t\000h\000e\000\040\000M\000S\000S\000M}{}% 67
