# WARNING: Don't understand data input 20 3.100000e+01 in block SOFTSUSY: ignoring it
# SOFTSUSY4.1.0 SLHA compliant output
# B.C. Allanach, Comput. Phys. Commun. 143 (2002) 305-331, hep-ph/0104145
Block SPINFO          # Program information
     1    SOFTSUSY    # spectrum calculator
     2    4.1.0       # version number
Block MODSEL  # Select model
     1    0   # nonUniversal
Block SMINPUTS             # Standard Model inputs
     1    1.27916000e+02   # alpha_em^(-1)(MZ) SM MSbar
     2    1.16637000e-05   # G_Fermi
     3    1.18400000e-01   # alpha_s(MZ)MSbar
     4    9.11876000e+01   # MZ(pole)
     5    4.18000000e+00   # mb(mb)
     6    1.73500000e+02   # Mtop(pole)
     7    1.77699000e+00   # Mtau(pole)
Block MINPAR               # SUSY breaking input parameters
     3    3.10000000e+01   # tanb, DRbar, Feynman gauge
     4    1.00000000e+00   # sign(mu)
Block EXTPAR               # non-universal SUSY breaking parameters
      0    1.11652256e+16  # MX scale
      1    4.57300000e+03  # M_1(MX)
      2    2.69800000e+03  # M_2(MX)
      3    1.90800000e+03  # M_3(MX)
     11    1.22372700e+04  # At(MX)
     12    1.22372700e+04  # Ab(MX)
     13    1.22372700e+04  # Atau(MX)
     21    3.95930404e+07  # mHd^2(MX)
     22   -3.37530669e+08  # mHu^2(MX)
     31    9.94900000e+03  # meL(MX)
     32    9.94900000e+03  # mmuL(MX)
     33    9.94900000e+03  # mtauL(MX)
     34    9.94900000e+03  # meR(MX)
     35    9.94900000e+03  # mmuR(MX)
     36    9.94900000e+03  # mtauR(MX)
     41    9.94900000e+03  # mqL1(MX)
     42    9.94900000e+03  # mqL2(MX)
     43    9.94900000e+03  # mqL3(MX)
     44    9.94900000e+03  # muR(MX)
     45    9.94900000e+03  # mcR(MX)
     46    9.94900000e+03  # mtR(MX)
     47    9.94900000e+03  # mdR(MX)
     48    9.94900000e+03  # msR(MX)
     49    9.94900000e+03  # mbR(MX)
# SOFTSUSY-specific non SLHA information:
# mixing=0 Desired accuracy=1.00000000e-03 Achieved accuracy=2.05426530e-05
# 3-loop RGE corrections are off. 2-loop Yukawa/g3 thresholds are off
# 2-loop SUSY QCD computation of squark/gluino pole masses are off
Block MASS                      # Mass spectrum
# PDG code     mass             particle
        24     8.03560866e+01   # MW
        25     1.18238794e+02   # h0
        35     1.77569832e+04   # H0
        36     1.77569071e+04   # A0
        37     1.77575166e+04   # H+
   1000021     4.31528236e+03   # ~g
   1000022     2.11882201e+03   # ~neutralino(1)
   1000023     2.31925854e+03   # ~neutralino(2)
   1000024     2.31942416e+03   # ~chargino(1)
   1000025    -1.73937050e+04   # ~neutralino(3)
   1000035     1.73937971e+04   # ~neutralino(4)
   1000037     1.73942337e+04   # ~chargino(2)
   1000039     9.94900000e+03   # ~gravitino
   1000001     1.06162853e+04   # ~d_L
   1000002     1.06161079e+04   # ~u_L
   1000003     1.06161740e+04   # ~s_L
   1000004     1.06159966e+04   # ~c_L
   1000005     1.01482514e+04   # ~b_1
   1000006     1.05784356e+04   # ~t_1
   1000011     9.65682636e+03   # ~e_L
   1000012     9.65614888e+03   # ~nue_L
   1000013     9.65581823e+03   # ~mu_L
   1000014     9.65514072e+03   # ~numu_L
   1000015     9.16734005e+03   # ~stau_1
   1000016     9.16945393e+03   # ~nu_tau_L
   2000001     1.06553638e+04   # ~d_R
   2000002     9.82020759e+03   # ~u_R
   2000003     1.06551252e+04   # ~s_R
   2000004     9.82022447e+03   # ~c_R
   2000005     1.07283541e+04   # ~b_2
   2000006     1.07264129e+04   # ~t_2
   2000011     1.09261524e+04   # ~e_R
   2000013     1.09243654e+04   # ~mu_R
   2000015     1.00374688e+04   # ~stau_2
Block alpha                     # Effective Higgs mixing parameter
          -3.36475437e-02       # alpha - evaluated at p^2=0
Block nmix                  # neutralino mixing matrix Q=1.05238249e+04
  1  1     9.99996250e-01   # N_{1,1}
  1  2    -7.17817365e-04   # N_{1,2}
  1  3     2.61166747e-03   # N_{1,3}
  1  4    -4.04207291e-04   # N_{1,4}
  2  1     7.29817578e-04   # N_{2,1}
  2  2     9.99989416e-01   # N_{2,2}
  2  3    -4.48715176e-03   # N_{2,3}
  2  4     7.07869732e-04   # N_{2,4}
  3  1    -1.55897708e-03   # N_{3,1}
  3  2     2.67348807e-03   # N_{3,2}
  3  3     7.07099323e-01   # N_{3,3}
  3  4     7.07107466e-01   # N_{3,4}
  4  1    -2.12988475e-03   # N_{4,1}
  4  2     3.67497537e-03   # N_{4,2}
  4  3     7.07095178e-01   # N_{4,3}
  4  4    -7.07105626e-01   # N_{4,4}
Block Umix                  # chargino U mixing matrix  at Q=1.05238249e+04
  1  1     9.99979849e-01   # U_{1,1}
  1  2    -6.34842519e-03   # U_{1,2}
  2  1     6.34842519e-03   # U_{2,1}
  2  2     9.99979849e-01   # U_{2,2}
Block Vmix                  # chargino V mixing matrix  at Q=1.05238249e+04
  1  1     9.99999499e-01   # V_{1,1}
  1  2    -1.00149864e-03   # V_{1,2}
  2  1     1.00149864e-03   # V_{2,1}
  2  2     9.99999499e-01   # V_{2,2}
Block stopmix               # stop mixing matrix at Q=1.05238249e+04
  1  1    -7.47083572e-02   # F_{11}
  1  2     9.97205426e-01   # F_{12}
  2  1     9.97205426e-01   # F_{21}
  2  2     7.47083572e-02   # F_{22}
Block sbotmix               # sbottom mixing matrix at Q=1.05238249e+04
  1  1     8.12197770e-02   # F_{11}
  1  2     9.96696216e-01   # F_{12}
  2  1     9.96696216e-01   # F_{21}
  2  2    -8.12197770e-02   # F_{22}
Block staumix               # stau mixing matrix at Q=1.05238249e+04
  1  1     9.98639032e-01   # F_{11}
  1  2     5.21544232e-02   # F_{12}
  2  1    -5.21544232e-02   # F_{21}
  2  2     9.98639032e-01   # F_{22}
Block gauge Q= 1.05238249e+04  # SM gauge couplings
     1     3.67284575e-01   # g'(Q)MSSM DRbar
     2     6.31549217e-01   # g(Q)MSSM DRbar
     3     9.70225001e-01   # g3(Q)MSSM DRbar
Block yu Q= 1.05238249e+04  
  3  3     7.37613289e-01   # Yt(Q)MSSM DRbar
Block yd Q= 1.05238249e+04  
  3  3     3.01120073e-01   # Yb(Q)MSSM DRbar
Block ye Q= 1.05238249e+04  
  3  3     3.08486148e-01   # Ytau(Q)MSSM DRbar
Block hmix Q= 1.05238249e+04 # Higgs mixing parameters
     1     1.74958527e+04    # mu(Q)MSSM DRbar
     2     2.97110274e+01    # tan beta(Q)MSSM DRbar Feynman gauge
     3     2.43966789e+02    # higgs vev(Q)MSSM DRbar Feynman gauge
     4     3.13841146e+08    # mA^2(Q)MSSM DRbar
Block msoft Q= 1.05238249e+04  # MSSM DRbar SUSY breaking parameters
     1     2.13008045e+03      # M_1(Q)
     2     2.18284334e+03      # M_2(Q)
     3     3.64959958e+03      # M_3(Q)
    21     9.75846080e+06      # mH1^2(Q)
    22    -3.03252709e+08      # mH2^2(Q)
    31     9.63396721e+03      # meL(Q)
    32     9.63296038e+03      # mmuL(Q)
    33     9.16537006e+03      # mtauL(Q)
    34     1.09170554e+04      # meR(Q)
    35     1.09152697e+04      # mmuR(Q)
    36     1.00730599e+04      # mtauR(Q)
    41     1.04879118e+04      # mqL1(Q)
    42     1.04878008e+04      # mqL2(Q)
    43     1.06049361e+04      # mqL3(Q)
    44     9.70840888e+03      # muR(Q)
    45     9.70842577e+03      # mcR(Q)
    46     1.04420230e+04      # mtR(Q)
    47     1.05470099e+04      # mdR(Q)
    48     1.05467717e+04      # msR(Q)
    49     1.00756126e+04      # mbR(Q)
Block au Q= 1.05238249e+04  
  1  1    -7.10194002e+03      # Au(Q)MSSM DRbar
  2  2    -7.10188832e+03      # Ac(Q)MSSM DRbar
  3  3     2.61941066e+03      # At(Q)MSSM DRbar
Block ad Q= 1.05238249e+04  
  1  1    -5.24945403e+03      # Ad(Q)MSSM DRbar
  2  2    -5.24935410e+03      # As(Q)MSSM DRbar
  3  3     5.79022164e+03      # Ab(Q)MSSM DRbar
Block ae Q= 1.05238249e+04  
  1  1    -2.41635991e+03      # Ae(Q)MSSM DRbar
  2  2    -2.41600296e+03      # Amu(Q)MSSM DRbar
  3  3     8.97484514e+03      # Atau(Q)MSSM DRbar
